
abr. 24, 2019 22:08:25.35 NEW SESSION
abr. 24, 2019 22:08:25.35 [Child 8628, Chrome_ChildThread] WARNING: pipe error: 109: file z:/build/build/src/ipc/chromium/src/chrome/common/ipc_channel_win.cc, line 332
abr. 24, 2019 22:08:25.36 [Child 8628, Chrome_Chil[Child 13372, Chrome_ChildThread] WARNING: pipe error: 109: file z:/build/build/src/ipc/chromium/src/chrome/common/ipc_channel_win.cc, line 332
abr. 24, 2019 22:08:25.51 [Child 13372, Chrome_ChildThread
abr. 24, 2019 22:08:25.51 ###!!! [Child][RunMessage] Error: Channel closing: too late to send/recv, messages will be lost
abr. 24, 2019 22:08:25.51 
abr. 24, 2019 22:08:25.54 [GPU 11500, Chrome_Ch
abr. 24, 2019 22:08:25.54 ###!!! [Child][MessageChannel::SendAndWait] Error: Channel error: cannot send/recv
abr. 24, 2019 22:08:25.54 
abr. 24, 2019 22:31:28.43 [Child 12076, Chrome_ChildThread] WARNING: pipe error: 109: file z:/build/build/src/ipc/chromium/src/chrome/common/ipc_channel_win.cc, line 332
abr. 24, 2019 22:31:28.44 [Child 13204, Chrome_ChildThread] WARNING: pipe error: 109: file z:/build/build/src/ipc/chromium/src/chrome/common/ipc_channel_win.cc, line 332
abr. 24, 2019 22:31:28.44 [Child 13204, Chrome_ChildThread] WARNING: pipe error: 109: file z:/build/build/src/ipc/chromium/src/chrome/common/ipc_channel_win.cc, line 332
abr. 24, 2019 22:31:28.46 [Parent 8280, Gecko_IOThread] WARNING: pipe error: 109: file z:/build/build/src/ipc/chromium/src/chrome/common/ipc_channel_win.cc, line 332
abr. 24, 2019 22:31:28.56 
abr. 24, 2019 22:31:28.56 ###!!! [Child][RunMessage] Error: Channel closing: too late to send/recv, messages will be lost
abr. 24, 2019 22:31:28.56 
abr. 24, 2019 22:31:28.58 [GPU 9808, Chrome_ChildThrea
abr. 24, 2019 22:31:28.59 ###!!! [Child][MessageChannel::SendAndWait] Error: Channel error: cannot send/recv
abr. 24, 2019 22:31:28.59 
abr. 24, 2019 22:31:53.26 [Child 6916, Chrome_ChildThread] WARNING: pipe error: 109: file z:/build/build/src/ipc/chromium/src/chrome/common/ipc_channel_win.cc, line 332
abr. 24, 2019 22:31:53.28 [Child 6916, Chrome_ChildThread][Child 10116, Chrome_ChildThread] WARNING: pipe error: 109: file z:/build/build/src/ipc/chromium/src/chrome/common/[Parent 3772, Gecko_IOThread] WARNING: pipe error: 109: file z:/build/build/src/ipc/chromium/src/chrome/common/ipc_channel_win.cc, line 332
abr. 24, 2019 22:31:53.29 [Child 396, Chrome_ChildThread] WARNING: pipe error: 109: file z:/build/build/src/ipc/chromium/src/chrome/common/ipc_channel_win.cc, line 332
abr. 24, 2019 22:31:53.47 [Child 396, Chrome_ChildThread] WARN[GPU 5712, Chrome_ChildThread] WARNING: pipe error: 109: file z:/build/build/src/ipc/chromium/src/chrome/common/ipc_channel_win.cc, line 332
abr. 24, 2019 22:31:53.49 
abr. 24, 2019 22:31:53.49 ###!!! [Child][MessageChannel::SendAndWait] Error: Channel error: cannot send/recv
abr. 24, 2019 22:31:53.50 
abr. 24, 2019 22:34:42.17 [Child 14140, Chrome_ChildThread] WARNING: pipe error: 109: file z:/build/build/src/ipc/chromium/src/chrome/common/ipc_channel_win.cc, line 332
abr. 24, 2019 22:34:42.19 [Child 14140, Chrome_[Child 1808, Chrome_ChildThread] WARNING: pipe error: 109: file z:/build/build/src/ipc/chromium/src/chrome/common/ipc_channel_win.cc, line 332
abr. 24, 2019 22:34:42.19 [Child 1808, Chrome_ChildThread] WARNING: pipe error: 109: file z:/build/build/src/ipc/chromium/src/chrome/common/ipc_channel_win.cc, line 332
abr. 24, 2019 22:34:42.27 
abr. 24, 2019 22:34:42.28 ###!!! [Child][RunMessage] Error: Channel closing: too late to send/recv, messages will be lost
abr. 24, 2019 22:34:42.28 
abr. 24, 2019 22:34:42.30 [GPU 8928, Chrome_ChildThread] WARNING: pipe error: 109: file z:/
abr. 24, 2019 22:34:42.30 ###!!! [Child][MessageChannel::SendAndWait] Error: Channel error: cannot send/recv
abr. 24, 2019 22:34:42.30 
